2017-08-04 16:24:04,483 DEBUG [http-bio-8787-exec-2] DispatcherServlet - DispatcherServlet with name 'spring' processing GET request for [/PharmacyApplication/resources/vendor/morrisjs/morris.css]
2017-08-04 16:24:04,482 DEBUG [http-bio-8787-exec-1] DispatcherServlet - DispatcherServlet with name 'spring' processing GET request for [/PharmacyApplication/resources/vendor/bootstrap/js/bootstrap.min.js]
2017-08-04 16:24:04,488 DEBUG [http-bio-8787-exec-1] AbstractHandlerMethodMapping - Looking up handler method for path /resources/vendor/bootstrap/js/bootstrap.min.js
2017-08-04 16:24:04,480 DEBUG [http-bio-8787-exec-3] DispatcherServlet - DispatcherServlet with name 'spring' processing GET request for [/PharmacyApplication/resources/vendor/jquery/jquery.min.js]
2017-08-04 16:24:04,489 DEBUG [http-bio-8787-exec-3] AbstractHandlerMethodMapping - Looking up handler method for path /resources/vendor/jquery/jquery.min.js
2017-08-04 16:24:04,491 DEBUG [http-bio-8787-exec-3] AbstractHandlerMethodMapping - Did not find handler method for [/resources/vendor/jquery/jquery.min.js]
2017-08-04 16:24:04,491 DEBUG [http-bio-8787-exec-3] AbstractHandlerMethodMapping - Looking up handler method for path /resources/vendor/jquery/jquery.min.js
2017-08-04 16:24:04,491 DEBUG [http-bio-8787-exec-3] AbstractHandlerMethodMapping - Did not find handler method for [/resources/vendor/jquery/jquery.min.js]
2017-08-04 16:24:04,479 DEBUG [http-bio-8787-exec-9] DispatcherServlet - DispatcherServlet with name 'spring' processing GET request for [/PharmacyApplication/resources/vendor/font-awesome/css/font-awesome.min.css]
2017-08-04 16:24:04,471 DEBUG [http-bio-8787-exec-7] DispatcherServlet - DispatcherServlet with name 'spring' processing GET request for [/PharmacyApplication/resources/dist/css/sb-admin-2.css]
2017-08-04 16:24:04,491 DEBUG [http-bio-8787-exec-9] AbstractHandlerMethodMapping - Looking up handler method for path /resources/vendor/font-awesome/css/font-awesome.min.css
2017-08-04 16:24:04,491 DEBUG [http-bio-8787-exec-3] AbstractUrlHandlerMapping - Matching patterns for request [/resources/vendor/jquery/jquery.min.js] are [/resources/**]
2017-08-04 16:24:04,492 DEBUG [http-bio-8787-exec-3] AbstractUrlHandlerMapping - URI Template variables for request [/resources/vendor/jquery/jquery.min.js] are {}
2017-08-04 16:24:04,492 DEBUG [http-bio-8787-exec-3] AbstractUrlHandlerMapping - Mapping [/resources/vendor/jquery/jquery.min.js] to HandlerExecutionChain with handler [org.springframework.web.servlet.resource.ResourceHttpRequestHandler@b4ba9a] and 1 interceptor
2017-08-04 16:24:04,488 DEBUG [http-bio-8787-exec-1] AbstractHandlerMethodMapping - Did not find handler method for [/resources/vendor/bootstrap/js/bootstrap.min.js]
2017-08-04 16:24:04,487 DEBUG [http-bio-8787-exec-2] AbstractHandlerMethodMapping - Looking up handler method for path /resources/vendor/morrisjs/morris.css
2017-08-04 16:24:04,487 DEBUG [http-bio-8787-exec-8] AbstractUrlHandlerMapping - Matching patterns for request [/resources/vendor/metisMenu/metisMenu.min.css] are [/resources/**]
2017-08-04 16:24:04,492 DEBUG [http-bio-8787-exec-2] AbstractHandlerMethodMapping - Did not find handler method for [/resources/vendor/morrisjs/morris.css]
2017-08-04 16:24:04,493 DEBUG [http-bio-8787-exec-2] AbstractHandlerMethodMapping - Looking up handler method for path /resources/vendor/morrisjs/morris.css
2017-08-04 16:24:04,493 DEBUG [http-bio-8787-exec-2] AbstractHandlerMethodMapping - Did not find handler method for [/resources/vendor/morrisjs/morris.css]
2017-08-04 16:24:04,493 DEBUG [http-bio-8787-exec-2] AbstractUrlHandlerMapping - Matching patterns for request [/resources/vendor/morrisjs/morris.css] are [/resources/**]
2017-08-04 16:24:04,493 DEBUG [http-bio-8787-exec-2] AbstractUrlHandlerMapping - URI Template variables for request [/resources/vendor/morrisjs/morris.css] are {}
2017-08-04 16:24:04,493 DEBUG [http-bio-8787-exec-2] AbstractUrlHandlerMapping - Mapping [/resources/vendor/morrisjs/morris.css] to HandlerExecutionChain with handler [org.springframework.web.servlet.resource.ResourceHttpRequestHandler@b4ba9a] and 1 interceptor
2017-08-04 16:24:04,493 DEBUG [http-bio-8787-exec-2] DispatcherServlet - Last-Modified value for [/PharmacyApplication/resources/vendor/morrisjs/morris.css] is: -1
2017-08-04 16:24:04,494 DEBUG [http-bio-8787-exec-2] ResourceHttpRequestHandler - Trying relative path [vendor/morrisjs/morris.css] against base location: ServletContext resource [/resources/]
2017-08-04 16:24:04,494 DEBUG [http-bio-8787-exec-2] ResourceHttpRequestHandler - Found matching resource: ServletContext resource [/resources/vendor/morrisjs/morris.css]
2017-08-04 16:24:04,494 DEBUG [http-bio-8787-exec-2] ResourceHttpRequestHandler - Determined media type 'text/css' for ServletContext resource [/resources/vendor/morrisjs/morris.css]
2017-08-04 16:24:04,494 DEBUG [http-bio-8787-exec-2] ResourceHttpRequestHandler - Resource not modified - returning 304
2017-08-04 16:24:04,495 DEBUG [http-bio-8787-exec-2] DispatcherServlet - Null ModelAndView returned to DispatcherServlet with name 'spring': assuming HandlerAdapter completed request handling
2017-08-04 16:24:04,495 DEBUG [http-bio-8787-exec-2] FrameworkServlet - Successfully completed request
2017-08-04 16:24:04,500 DEBUG [http-bio-8787-exec-2] DispatcherServlet - DispatcherServlet with name 'spring' processing GET request for [/PharmacyApplication/resources/vendor/metisMenu/metisMenu.min.js]
2017-08-04 16:24:04,501 DEBUG [http-bio-8787-exec-2] AbstractHandlerMethodMapping - Looking up handler method for path /resources/vendor/metisMenu/metisMenu.min.js
2017-08-04 16:24:04,492 DEBUG [http-bio-8787-exec-1] AbstractHandlerMethodMapping - Looking up handler method for path /resources/vendor/bootstrap/js/bootstrap.min.js
2017-08-04 16:24:04,492 DEBUG [http-bio-8787-exec-3] DispatcherServlet - Last-Modified value for [/PharmacyApplication/resources/vendor/jquery/jquery.min.js] is: -1
2017-08-04 16:24:04,492 DEBUG [http-bio-8787-exec-9] AbstractHandlerMethodMapping - Did not find handler method for [/resources/vendor/font-awesome/css/font-awesome.min.css]
2017-08-04 16:24:04,492 DEBUG [http-bio-8787-exec-7] AbstractHandlerMethodMapping - Looking up handler method for path /resources/dist/css/sb-admin-2.css
2017-08-04 16:24:04,501 DEBUG [http-bio-8787-exec-9] AbstractHandlerMethodMapping - Looking up handler method for path /resources/vendor/font-awesome/css/font-awesome.min.css
2017-08-04 16:24:04,502 DEBUG [http-bio-8787-exec-9] AbstractHandlerMethodMapping - Did not find handler method for [/resources/vendor/font-awesome/css/font-awesome.min.css]
2017-08-04 16:24:04,502 DEBUG [http-bio-8787-exec-9] AbstractUrlHandlerMapping - Matching patterns for request [/resources/vendor/font-awesome/css/font-awesome.min.css] are [/resources/**]
2017-08-04 16:24:04,501 DEBUG [http-bio-8787-exec-3] ResourceHttpRequestHandler - Trying relative path [vendor/jquery/jquery.min.js] against base location: ServletContext resource [/resources/]
2017-08-04 16:24:04,503 DEBUG [http-bio-8787-exec-3] ResourceHttpRequestHandler - Found matching resource: ServletContext resource [/resources/vendor/jquery/jquery.min.js]
2017-08-04 16:24:04,503 DEBUG [http-bio-8787-exec-3] ResourceHttpRequestHandler - Determined media type 'application/javascript' for ServletContext resource [/resources/vendor/jquery/jquery.min.js]
2017-08-04 16:24:04,504 DEBUG [http-bio-8787-exec-3] ResourceHttpRequestHandler - Resource not modified - returning 304
2017-08-04 16:24:04,504 DEBUG [http-bio-8787-exec-3] DispatcherServlet - Null ModelAndView returned to DispatcherServlet with name 'spring': assuming HandlerAdapter completed request handling
2017-08-04 16:24:04,504 DEBUG [http-bio-8787-exec-3] FrameworkServlet - Successfully completed request
2017-08-04 16:24:04,501 DEBUG [http-bio-8787-exec-1] AbstractHandlerMethodMapping - Did not find handler method for [/resources/vendor/bootstrap/js/bootstrap.min.js]
2017-08-04 16:24:04,506 DEBUG [http-bio-8787-exec-1] AbstractUrlHandlerMapping - Matching patterns for request [/resources/vendor/bootstrap/js/bootstrap.min.js] are [/resources/**]
2017-08-04 16:24:04,506 DEBUG [http-bio-8787-exec-1] AbstractUrlHandlerMapping - URI Template variables for request [/resources/vendor/bootstrap/js/bootstrap.min.js] are {}
2017-08-04 16:24:04,506 DEBUG [http-bio-8787-exec-1] AbstractUrlHandlerMapping - Mapping [/resources/vendor/bootstrap/js/bootstrap.min.js] to HandlerExecutionChain with handler [org.springframework.web.servlet.resource.ResourceHttpRequestHandler@b4ba9a] and 1 interceptor
2017-08-04 16:24:04,506 DEBUG [http-bio-8787-exec-1] DispatcherServlet - Last-Modified value for [/PharmacyApplication/resources/vendor/bootstrap/js/bootstrap.min.js] is: -1
2017-08-04 16:24:04,507 DEBUG [http-bio-8787-exec-1] ResourceHttpRequestHandler - Trying relative path [vendor/bootstrap/js/bootstrap.min.js] against base location: ServletContext resource [/resources/]
2017-08-04 16:24:04,507 DEBUG [http-bio-8787-exec-1] ResourceHttpRequestHandler - Found matching resource: ServletContext resource [/resources/vendor/bootstrap/js/bootstrap.min.js]
2017-08-04 16:24:04,508 DEBUG [http-bio-8787-exec-1] ResourceHttpRequestHandler - Determined media type 'application/javascript' for ServletContext resource [/resources/vendor/bootstrap/js/bootstrap.min.js]
2017-08-04 16:24:04,509 DEBUG [http-bio-8787-exec-1] ResourceHttpRequestHandler - Resource not modified - returning 304
2017-08-04 16:24:04,509 DEBUG [http-bio-8787-exec-1] DispatcherServlet - Null ModelAndView returned to DispatcherServlet with name 'spring': assuming HandlerAdapter completed request handling
2017-08-04 16:24:04,509 DEBUG [http-bio-8787-exec-1] FrameworkServlet - Successfully completed request
2017-08-04 16:24:04,501 DEBUG [http-bio-8787-exec-2] AbstractHandlerMethodMapping - Did not find handler method for [/resources/vendor/metisMenu/metisMenu.min.js]
2017-08-04 16:24:04,492 DEBUG [http-bio-8787-exec-8] AbstractUrlHandlerMapping - URI Template variables for request [/resources/vendor/metisMenu/metisMenu.min.css] are {}
2017-08-04 16:24:04,510 DEBUG [http-bio-8787-exec-8] AbstractUrlHandlerMapping - Mapping [/resources/vendor/metisMenu/metisMenu.min.css] to HandlerExecutionChain with handler [org.springframework.web.servlet.resource.ResourceHttpRequestHandler@b4ba9a] and 1 interceptor
2017-08-04 16:24:04,510 DEBUG [http-bio-8787-exec-3] DispatcherServlet - DispatcherServlet with name 'spring' processing GET request for [/PharmacyApplication/resources/vendor/raphael/raphael.min.js]
2017-08-04 16:24:04,511 DEBUG [http-bio-8787-exec-3] AbstractHandlerMethodMapping - Looking up handler method for path /resources/vendor/raphael/raphael.min.js
2017-08-04 16:24:04,503 DEBUG [http-bio-8787-exec-9] AbstractUrlHandlerMapping - URI Template variables for request [/resources/vendor/font-awesome/css/font-awesome.min.css] are {}
2017-08-04 16:24:04,512 DEBUG [http-bio-8787-exec-9] AbstractUrlHandlerMapping - Mapping [/resources/vendor/font-awesome/css/font-awesome.min.css] to HandlerExecutionChain with handler [org.springframework.web.servlet.resource.ResourceHttpRequestHandler@b4ba9a] and 1 interceptor
2017-08-04 16:24:04,502 DEBUG [http-bio-8787-exec-7] AbstractHandlerMethodMapping - Did not find handler method for [/resources/dist/css/sb-admin-2.css]
2017-08-04 16:24:04,512 DEBUG [http-bio-8787-exec-9] DispatcherServlet - Last-Modified value for [/PharmacyApplication/resources/vendor/font-awesome/css/font-awesome.min.css] is: -1
2017-08-04 16:24:04,511 DEBUG [http-bio-8787-exec-3] AbstractHandlerMethodMapping - Did not find handler method for [/resources/vendor/raphael/raphael.min.js]
2017-08-04 16:24:04,511 DEBUG [http-bio-8787-exec-8] DispatcherServlet - Last-Modified value for [/PharmacyApplication/resources/vendor/metisMenu/metisMenu.min.css] is: -1
2017-08-04 16:24:04,510 DEBUG [http-bio-8787-exec-2] AbstractHandlerMethodMapping - Looking up handler method for path /resources/vendor/metisMenu/metisMenu.min.js
2017-08-04 16:24:04,512 DEBUG [http-bio-8787-exec-8] ResourceHttpRequestHandler - Trying relative path [vendor/metisMenu/metisMenu.min.css] against base location: ServletContext resource [/resources/]
2017-08-04 16:24:04,512 DEBUG [http-bio-8787-exec-3] AbstractHandlerMethodMapping - Looking up handler method for path /resources/vendor/raphael/raphael.min.js
2017-08-04 16:24:04,513 DEBUG [http-bio-8787-exec-3] AbstractHandlerMethodMapping - Did not find handler method for [/resources/vendor/raphael/raphael.min.js]
2017-08-04 16:24:04,513 DEBUG [http-bio-8787-exec-3] AbstractUrlHandlerMapping - Matching patterns for request [/resources/vendor/raphael/raphael.min.js] are [/resources/**]
2017-08-04 16:24:04,513 DEBUG [http-bio-8787-exec-3] AbstractUrlHandlerMapping - URI Template variables for request [/resources/vendor/raphael/raphael.min.js] are {}
2017-08-04 16:24:04,513 DEBUG [http-bio-8787-exec-3] AbstractUrlHandlerMapping - Mapping [/resources/vendor/raphael/raphael.min.js] to HandlerExecutionChain with handler [org.springframework.web.servlet.resource.ResourceHttpRequestHandler@b4ba9a] and 1 interceptor
2017-08-04 16:24:04,514 DEBUG [http-bio-8787-exec-3] DispatcherServlet - Last-Modified value for [/PharmacyApplication/resources/vendor/raphael/raphael.min.js] is: -1
2017-08-04 16:24:04,514 DEBUG [http-bio-8787-exec-3] ResourceHttpRequestHandler - Trying relative path [vendor/raphael/raphael.min.js] against base location: ServletContext resource [/resources/]
2017-08-04 16:24:04,514 DEBUG [http-bio-8787-exec-3] ResourceHttpRequestHandler - Found matching resource: ServletContext resource [/resources/vendor/raphael/raphael.min.js]
2017-08-04 16:24:04,514 DEBUG [http-bio-8787-exec-3] ResourceHttpRequestHandler - Determined media type 'application/javascript' for ServletContext resource [/resources/vendor/raphael/raphael.min.js]
2017-08-04 16:24:04,515 DEBUG [http-bio-8787-exec-3] ResourceHttpRequestHandler - Resource not modified - returning 304
2017-08-04 16:24:04,515 DEBUG [http-bio-8787-exec-3] DispatcherServlet - Null ModelAndView returned to DispatcherServlet with name 'spring': assuming HandlerAdapter completed request handling
2017-08-04 16:24:04,516 DEBUG [http-bio-8787-exec-3] FrameworkServlet - Successfully completed request
2017-08-04 16:24:04,512 DEBUG [http-bio-8787-exec-9] ResourceHttpRequestHandler - Trying relative path [vendor/font-awesome/css/font-awesome.min.css] against base location: ServletContext resource [/resources/]
2017-08-04 16:24:04,516 DEBUG [http-bio-8787-exec-9] ResourceHttpRequestHandler - Found matching resource: ServletContext resource [/resources/vendor/font-awesome/css/font-awesome.min.css]
2017-08-04 16:24:04,516 DEBUG [http-bio-8787-exec-9] ResourceHttpRequestHandler - Determined media type 'text/css' for ServletContext resource [/resources/vendor/font-awesome/css/font-awesome.min.css]
2017-08-04 16:24:04,516 DEBUG [http-bio-8787-exec-9] ResourceHttpRequestHandler - Resource not modified - returning 304
2017-08-04 16:24:04,517 DEBUG [http-bio-8787-exec-9] DispatcherServlet - Null ModelAndView returned to DispatcherServlet with name 'spring': assuming HandlerAdapter completed request handling
2017-08-04 16:24:04,517 DEBUG [http-bio-8787-exec-9] FrameworkServlet - Successfully completed request
2017-08-04 16:24:04,512 DEBUG [http-bio-8787-exec-7] AbstractHandlerMethodMapping - Looking up handler method for path /resources/dist/css/sb-admin-2.css
2017-08-04 16:24:04,517 DEBUG [http-bio-8787-exec-7] AbstractHandlerMethodMapping - Did not find handler method for [/resources/dist/css/sb-admin-2.css]
2017-08-04 16:24:04,517 DEBUG [http-bio-8787-exec-1] DispatcherServlet - DispatcherServlet with name 'spring' processing GET request for [/PharmacyApplication/resources/vendor/morrisjs/morris.min.js]
2017-08-04 16:24:04,513 DEBUG [http-bio-8787-exec-8] ResourceHttpRequestHandler - Found matching resource: ServletContext resource [/resources/vendor/metisMenu/metisMenu.min.css]
2017-08-04 16:24:04,518 DEBUG [http-bio-8787-exec-8] ResourceHttpRequestHandler - Determined media type 'text/css' for ServletContext resource [/resources/vendor/metisMenu/metisMenu.min.css]
2017-08-04 16:24:04,518 DEBUG [http-bio-8787-exec-8] ResourceHttpRequestHandler - Resource not modified - returning 304
2017-08-04 16:24:04,518 DEBUG [http-bio-8787-exec-8] DispatcherServlet - Null ModelAndView returned to DispatcherServlet with name 'spring': assuming HandlerAdapter completed request handling
2017-08-04 16:24:04,518 DEBUG [http-bio-8787-exec-8] FrameworkServlet - Successfully completed request
2017-08-04 16:24:04,512 DEBUG [http-bio-8787-exec-2] AbstractHandlerMethodMapping - Did not find handler method for [/resources/vendor/metisMenu/metisMenu.min.js]
2017-08-04 16:24:04,518 DEBUG [http-bio-8787-exec-1] AbstractHandlerMethodMapping - Looking up handler method for path /resources/vendor/morrisjs/morris.min.js
2017-08-04 16:24:04,518 DEBUG [http-bio-8787-exec-7] AbstractUrlHandlerMapping - Matching patterns for request [/resources/dist/css/sb-admin-2.css] are [/resources/**]
2017-08-04 16:24:04,519 DEBUG [http-bio-8787-exec-7] AbstractUrlHandlerMapping - URI Template variables for request [/resources/dist/css/sb-admin-2.css] are {}
2017-08-04 16:24:04,520 DEBUG [http-bio-8787-exec-7] AbstractUrlHandlerMapping - Mapping [/resources/dist/css/sb-admin-2.css] to HandlerExecutionChain with handler [org.springframework.web.servlet.resource.ResourceHttpRequestHandler@b4ba9a] and 1 interceptor
2017-08-04 16:24:04,520 DEBUG [http-bio-8787-exec-7] DispatcherServlet - Last-Modified value for [/PharmacyApplication/resources/dist/css/sb-admin-2.css] is: -1
2017-08-04 16:24:04,520 DEBUG [http-bio-8787-exec-7] ResourceHttpRequestHandler - Trying relative path [dist/css/sb-admin-2.css] against base location: ServletContext resource [/resources/]
2017-08-04 16:24:04,520 DEBUG [http-bio-8787-exec-7] ResourceHttpRequestHandler - Found matching resource: ServletContext resource [/resources/dist/css/sb-admin-2.css]
2017-08-04 16:24:04,520 DEBUG [http-bio-8787-exec-7] ResourceHttpRequestHandler - Determined media type 'text/css' for ServletContext resource [/resources/dist/css/sb-admin-2.css]
2017-08-04 16:24:04,520 DEBUG [http-bio-8787-exec-7] ResourceHttpRequestHandler - Resource not modified - returning 304
2017-08-04 16:24:04,521 DEBUG [http-bio-8787-exec-7] DispatcherServlet - Null ModelAndView returned to DispatcherServlet with name 'spring': assuming HandlerAdapter completed request handling
2017-08-04 16:24:04,521 DEBUG [http-bio-8787-exec-7] FrameworkServlet - Successfully completed request
2017-08-04 16:24:04,519 DEBUG [http-bio-8787-exec-2] AbstractUrlHandlerMapping - Matching patterns for request [/resources/vendor/metisMenu/metisMenu.min.js] are [/resources/**]
2017-08-04 16:24:04,521 DEBUG [http-bio-8787-exec-1] AbstractHandlerMethodMapping - Did not find handler method for [/resources/vendor/morrisjs/morris.min.js]
2017-08-04 16:24:04,521 DEBUG [http-bio-8787-exec-1] AbstractHandlerMethodMapping - Looking up handler method for path /resources/vendor/morrisjs/morris.min.js
2017-08-04 16:24:04,521 DEBUG [http-bio-8787-exec-2] AbstractUrlHandlerMapping - URI Template variables for request [/resources/vendor/metisMenu/metisMenu.min.js] are {}
2017-08-04 16:24:04,521 DEBUG [http-bio-8787-exec-1] AbstractHandlerMethodMapping - Did not find handler method for [/resources/vendor/morrisjs/morris.min.js]
2017-08-04 16:24:04,521 DEBUG [http-bio-8787-exec-2] AbstractUrlHandlerMapping - Mapping [/resources/vendor/metisMenu/metisMenu.min.js] to HandlerExecutionChain with handler [org.springframework.web.servlet.resource.ResourceHttpRequestHandler@b4ba9a] and 1 interceptor
2017-08-04 16:24:04,521 DEBUG [http-bio-8787-exec-1] AbstractUrlHandlerMapping - Matching patterns for request [/resources/vendor/morrisjs/morris.min.js] are [/resources/**]
2017-08-04 16:24:04,522 DEBUG [http-bio-8787-exec-2] DispatcherServlet - Last-Modified value for [/PharmacyApplication/resources/vendor/metisMenu/metisMenu.min.js] is: -1
2017-08-04 16:24:04,522 DEBUG [http-bio-8787-exec-1] AbstractUrlHandlerMapping - URI Template variables for request [/resources/vendor/morrisjs/morris.min.js] are {}
2017-08-04 16:24:04,522 DEBUG [http-bio-8787-exec-2] ResourceHttpRequestHandler - Trying relative path [vendor/metisMenu/metisMenu.min.js] against base location: ServletContext resource [/resources/]
2017-08-04 16:24:04,522 DEBUG [http-bio-8787-exec-1] AbstractUrlHandlerMapping - Mapping [/resources/vendor/morrisjs/morris.min.js] to HandlerExecutionChain with handler [org.springframework.web.servlet.resource.ResourceHttpRequestHandler@b4ba9a] and 1 interceptor
2017-08-04 16:24:04,522 DEBUG [http-bio-8787-exec-2] ResourceHttpRequestHandler - Found matching resource: ServletContext resource [/resources/vendor/metisMenu/metisMenu.min.js]
2017-08-04 16:24:04,522 DEBUG [http-bio-8787-exec-1] DispatcherServlet - Last-Modified value for [/PharmacyApplication/resources/vendor/morrisjs/morris.min.js] is: -1
2017-08-04 16:24:04,522 DEBUG [http-bio-8787-exec-2] ResourceHttpRequestHandler - Determined media type 'application/javascript' for ServletContext resource [/resources/vendor/metisMenu/metisMenu.min.js]
2017-08-04 16:24:04,522 DEBUG [http-bio-8787-exec-1] ResourceHttpRequestHandler - Trying relative path [vendor/morrisjs/morris.min.js] against base location: ServletContext resource [/resources/]
2017-08-04 16:24:04,523 DEBUG [http-bio-8787-exec-1] ResourceHttpRequestHandler - Found matching resource: ServletContext resource [/resources/vendor/morrisjs/morris.min.js]
2017-08-04 16:24:04,523 DEBUG [http-bio-8787-exec-1] ResourceHttpRequestHandler - Determined media type 'application/javascript' for ServletContext resource [/resources/vendor/morrisjs/morris.min.js]
2017-08-04 16:24:04,523 DEBUG [http-bio-8787-exec-1] ResourceHttpRequestHandler - Resource not modified - returning 304
2017-08-04 16:24:04,523 DEBUG [http-bio-8787-exec-1] DispatcherServlet - Null ModelAndView returned to DispatcherServlet with name 'spring': assuming HandlerAdapter completed request handling
2017-08-04 16:24:04,523 DEBUG [http-bio-8787-exec-1] FrameworkServlet - Successfully completed request
2017-08-04 16:24:04,524 DEBUG [http-bio-8787-exec-2] ResourceHttpRequestHandler - Resource not modified - returning 304
2017-08-04 16:24:04,524 DEBUG [http-bio-8787-exec-2] DispatcherServlet - Null ModelAndView returned to DispatcherServlet with name 'spring': assuming HandlerAdapter completed request handling
2017-08-04 16:24:04,524 DEBUG [http-bio-8787-exec-2] FrameworkServlet - Successfully completed request
2017-08-04 16:24:04,535 DEBUG [http-bio-8787-exec-9] DispatcherServlet - DispatcherServlet with name 'spring' processing GET request for [/PharmacyApplication/resources/data/morris-data.js]
2017-08-04 16:24:04,535 DEBUG [http-bio-8787-exec-9] AbstractHandlerMethodMapping - Looking up handler method for path /resources/data/morris-data.js
2017-08-04 16:24:04,535 DEBUG [http-bio-8787-exec-9] AbstractHandlerMethodMapping - Did not find handler method for [/resources/data/morris-data.js]
2017-08-04 16:24:04,535 DEBUG [http-bio-8787-exec-9] AbstractHandlerMethodMapping - Looking up handler method for path /resources/data/morris-data.js
2017-08-04 16:24:04,536 DEBUG [http-bio-8787-exec-9] AbstractHandlerMethodMapping - Did not find handler method for [/resources/data/morris-data.js]
2017-08-04 16:24:04,536 DEBUG [http-bio-8787-exec-8] DispatcherServlet - DispatcherServlet with name 'spring' processing GET request for [/PharmacyApplication/resources/dist/js/sb-admin-2.js]
2017-08-04 16:24:04,536 DEBUG [http-bio-8787-exec-9] AbstractUrlHandlerMapping - Matching patterns for request [/resources/data/morris-data.js] are [/resources/**]
2017-08-04 16:24:04,536 DEBUG [http-bio-8787-exec-8] AbstractHandlerMethodMapping - Looking up handler method for path /resources/dist/js/sb-admin-2.js
2017-08-04 16:24:04,536 DEBUG [http-bio-8787-exec-9] AbstractUrlHandlerMapping - URI Template variables for request [/resources/data/morris-data.js] are {}
2017-08-04 16:24:04,536 DEBUG [http-bio-8787-exec-9] AbstractUrlHandlerMapping - Mapping [/resources/data/morris-data.js] to HandlerExecutionChain with handler [org.springframework.web.servlet.resource.ResourceHttpRequestHandler@b4ba9a] and 1 interceptor
2017-08-04 16:24:04,536 DEBUG [http-bio-8787-exec-9] DispatcherServlet - Last-Modified value for [/PharmacyApplication/resources/data/morris-data.js] is: -1
2017-08-04 16:24:04,537 DEBUG [http-bio-8787-exec-9] ResourceHttpRequestHandler - Trying relative path [data/morris-data.js] against base location: ServletContext resource [/resources/]
2017-08-04 16:24:04,537 DEBUG [http-bio-8787-exec-8] AbstractHandlerMethodMapping - Did not find handler method for [/resources/dist/js/sb-admin-2.js]
2017-08-04 16:24:04,537 DEBUG [http-bio-8787-exec-8] AbstractHandlerMethodMapping - Looking up handler method for path /resources/dist/js/sb-admin-2.js
2017-08-04 16:24:04,537 DEBUG [http-bio-8787-exec-8] AbstractHandlerMethodMapping - Did not find handler method for [/resources/dist/js/sb-admin-2.js]
2017-08-04 16:24:04,537 DEBUG [http-bio-8787-exec-8] AbstractUrlHandlerMapping - Matching patterns for request [/resources/dist/js/sb-admin-2.js] are [/resources/**]
2017-08-04 16:24:04,537 DEBUG [http-bio-8787-exec-8] AbstractUrlHandlerMapping - URI Template variables for request [/resources/dist/js/sb-admin-2.js] are {}
2017-08-04 16:24:04,537 DEBUG [http-bio-8787-exec-8] AbstractUrlHandlerMapping - Mapping [/resources/dist/js/sb-admin-2.js] to HandlerExecutionChain with handler [org.springframework.web.servlet.resource.ResourceHttpRequestHandler@b4ba9a] and 1 interceptor
2017-08-04 16:24:04,538 DEBUG [http-bio-8787-exec-8] DispatcherServlet - Last-Modified value for [/PharmacyApplication/resources/dist/js/sb-admin-2.js] is: -1
2017-08-04 16:24:04,538 DEBUG [http-bio-8787-exec-8] ResourceHttpRequestHandler - Trying relative path [dist/js/sb-admin-2.js] against base location: ServletContext resource [/resources/]
2017-08-04 16:24:04,537 DEBUG [http-bio-8787-exec-9] ResourceHttpRequestHandler - Found matching resource: ServletContext resource [/resources/data/morris-data.js]
2017-08-04 16:24:04,538 DEBUG [http-bio-8787-exec-8] ResourceHttpRequestHandler - Found matching resource: ServletContext resource [/resources/dist/js/sb-admin-2.js]
2017-08-04 16:24:04,538 DEBUG [http-bio-8787-exec-9] ResourceHttpRequestHandler - Determined media type 'application/javascript' for ServletContext resource [/resources/data/morris-data.js]
2017-08-04 16:24:04,540 DEBUG [http-bio-8787-exec-8] ResourceHttpRequestHandler - Determined media type 'application/javascript' for ServletContext resource [/resources/dist/js/sb-admin-2.js]
2017-08-04 16:24:04,540 DEBUG [http-bio-8787-exec-9] ResourceHttpRequestHandler - Resource not modified - returning 304
2017-08-04 16:24:04,541 DEBUG [http-bio-8787-exec-8] ResourceHttpRequestHandler - Resource not modified - returning 304
2017-08-04 16:24:04,541 DEBUG [http-bio-8787-exec-8] DispatcherServlet - Null ModelAndView returned to DispatcherServlet with name 'spring': assuming HandlerAdapter completed request handling
2017-08-04 16:24:04,541 DEBUG [http-bio-8787-exec-9] DispatcherServlet - Null ModelAndView returned to DispatcherServlet with name 'spring': assuming HandlerAdapter completed request handling
2017-08-04 16:24:04,541 DEBUG [http-bio-8787-exec-8] FrameworkServlet - Successfully completed request
2017-08-04 16:24:04,541 DEBUG [http-bio-8787-exec-9] FrameworkServlet - Successfully completed request
2017-08-04 16:24:04,756 DEBUG [http-bio-8787-exec-9] DispatcherServlet - DispatcherServlet with name 'spring' processing GET request for [/PharmacyApplication/resources/vendor/font-awesome/fonts/fontawesome-webfont.woff2]
2017-08-04 16:24:04,756 DEBUG [http-bio-8787-exec-9] AbstractHandlerMethodMapping - Looking up handler method for path /resources/vendor/font-awesome/fonts/fontawesome-webfont.woff2
2017-08-04 16:24:04,757 DEBUG [http-bio-8787-exec-9] AbstractHandlerMethodMapping - Did not find handler method for [/resources/vendor/font-awesome/fonts/fontawesome-webfont.woff2]
2017-08-04 16:24:04,757 DEBUG [http-bio-8787-exec-9] AbstractHandlerMethodMapping - Looking up handler method for path /resources/vendor/font-awesome/fonts/fontawesome-webfont.woff2
2017-08-04 16:24:04,757 DEBUG [http-bio-8787-exec-9] AbstractHandlerMethodMapping - Did not find handler method for [/resources/vendor/font-awesome/fonts/fontawesome-webfont.woff2]
2017-08-04 16:24:04,757 DEBUG [http-bio-8787-exec-9] AbstractUrlHandlerMapping - Matching patterns for request [/resources/vendor/font-awesome/fonts/fontawesome-webfont.woff2] are [/resources/**]
2017-08-04 16:24:04,757 DEBUG [http-bio-8787-exec-9] AbstractUrlHandlerMapping - URI Template variables for request [/resources/vendor/font-awesome/fonts/fontawesome-webfont.woff2] are {}
2017-08-04 16:24:04,757 DEBUG [http-bio-8787-exec-9] AbstractUrlHandlerMapping - Mapping [/resources/vendor/font-awesome/fonts/fontawesome-webfont.woff2] to HandlerExecutionChain with handler [org.springframework.web.servlet.resource.ResourceHttpRequestHandler@b4ba9a] and 1 interceptor
2017-08-04 16:24:04,757 DEBUG [http-bio-8787-exec-9] DispatcherServlet - Last-Modified value for [/PharmacyApplication/resources/vendor/font-awesome/fonts/fontawesome-webfont.woff2] is: -1
2017-08-04 16:24:04,757 DEBUG [http-bio-8787-exec-9] ResourceHttpRequestHandler - Trying relative path [vendor/font-awesome/fonts/fontawesome-webfont.woff2] against base location: ServletContext resource [/resources/]
2017-08-04 16:24:04,758 DEBUG [http-bio-8787-exec-9] ResourceHttpRequestHandler - Found matching resource: ServletContext resource [/resources/vendor/font-awesome/fonts/fontawesome-webfont.woff2]
2017-08-04 16:24:04,758 DEBUG [http-bio-8787-exec-9] ResourceHttpRequestHandler - No media type found for ServletContext resource [/resources/vendor/font-awesome/fonts/fontawesome-webfont.woff2] - not sending a content-type header
2017-08-04 16:24:04,758 DEBUG [http-bio-8787-exec-9] ResourceHttpRequestHandler - Resource not modified - returning 304
2017-08-04 16:24:04,758 DEBUG [http-bio-8787-exec-9] DispatcherServlet - Null ModelAndView returned to DispatcherServlet with name 'spring': assuming HandlerAdapter completed request handling
2017-08-04 16:24:04,758 DEBUG [http-bio-8787-exec-9] FrameworkServlet - Successfully completed request
2017-08-04 16:26:54,973 DEBUG [http-bio-8787-exec-5] DispatcherServlet - DispatcherServlet with name 'spring' processing POST request for [/PharmacyApplication/mainlogin]
2017-08-04 16:26:54,973 DEBUG [http-bio-8787-exec-5] AbstractHandlerMethodMapping - Looking up handler method for path /mainlogin
2017-08-04 16:26:54,974 DEBUG [http-bio-8787-exec-5] AbstractHandlerMethodMapping - Returning handler method [public org.springframework.web.servlet.ModelAndView com.soft.pharamacy.controller.LoginController.showmain(java.lang.String,java.lang.String,javax.servlet.http.HttpServletRequest) throws java.sql.SQLException,java.lang.Exception]
2017-08-04 16:26:54,974 DEBUG [http-bio-8787-exec-5] AbstractBeanFactory - Returning cached instance of singleton bean 'loginController'
2017-08-04 16:26:54,974 DEBUG [http-bio-8787-exec-5] LoginDAOImpl -  SELECT *  FROM SS_TBLSYSUSERS  WHERE lower(SU_SYSLOGIN) = 'taimoor' and lower(SU_SYSPASSWORD) = 'taimoor'
2017-08-04 16:26:54,975 DEBUG [http-bio-8787-exec-5] JdbcTemplate - Executing SQL query [ SELECT *  FROM SS_TBLSYSUSERS  WHERE lower(SU_SYSLOGIN) = 'taimoor' and lower(SU_SYSPASSWORD) = 'taimoor']
2017-08-04 16:26:54,975 DEBUG [http-bio-8787-exec-5] DataSourceUtils - Fetching JDBC Connection from DataSource
2017-08-04 16:26:54,975 DEBUG [http-bio-8787-exec-5] DriverManagerDataSource - Creating new JDBC DriverManager Connection to [jdbc:sqlserver://HIIG-TKHAWAR;DatabaseName=PharmacyDB;integratedSecurity=true]
2017-08-04 16:26:54,996 DEBUG [http-bio-8787-exec-5] LoginDAOImpl$1 - 1
2017-08-04 16:26:54,997 DEBUG [http-bio-8787-exec-5] DataSourceUtils - Returning JDBC Connection to DataSource
2017-08-04 16:26:54,997 DEBUG [http-bio-8787-exec-5] DispatcherServlet - Rendering view [org.springframework.web.servlet.view.JstlView: name 'dashboard'; URL [/WEB-INF/jsp/dashboard.jsp]] in DispatcherServlet with name 'spring'
2017-08-04 16:26:54,997 DEBUG [http-bio-8787-exec-5] AbstractView - Added model object 'Message' of type [java.lang.String] to request in view with name 'dashboard'
2017-08-04 16:26:54,997 DEBUG [http-bio-8787-exec-5] InternalResourceView - Forwarding to resource [/WEB-INF/jsp/dashboard.jsp] in InternalResourceView 'dashboard'
2017-08-04 16:26:55,041 DEBUG [http-bio-8787-exec-5] FrameworkServlet - Successfully completed request
2017-08-04 16:26:55,059 DEBUG [http-bio-8787-exec-5] DispatcherServlet - DispatcherServlet with name 'spring' processing GET request for [/PharmacyApplication/resources/vendor/bootstrap/css/bootstrap.min.css]
2017-08-04 16:26:55,059 DEBUG [http-bio-8787-exec-10] DispatcherServlet - DispatcherServlet with name 'spring' processing GET request for [/PharmacyApplication/resources/vendor/metisMenu/metisMenu.min.css]
2017-08-04 16:26:55,059 DEBUG [http-bio-8787-exec-5] AbstractHandlerMethodMapping - Looking up handler method for path /resources/vendor/bootstrap/css/bootstrap.min.css
2017-08-04 16:26:55,060 DEBUG [http-bio-8787-exec-10] AbstractHandlerMethodMapping - Looking up handler method for path /resources/vendor/metisMenu/metisMenu.min.css
2017-08-04 16:26:55,060 DEBUG [http-bio-8787-exec-5] AbstractHandlerMethodMapping - Did not find handler method for [/resources/vendor/bootstrap/css/bootstrap.min.css]
2017-08-04 16:26:55,060 DEBUG [http-bio-8787-exec-5] AbstractHandlerMethodMapping - Looking up handler method for path /resources/vendor/bootstrap/css/bootstrap.min.css
2017-08-04 16:26:55,060 DEBUG [http-bio-8787-exec-5] AbstractHandlerMethodMapping - Did not find handler method for [/resources/vendor/bootstrap/css/bootstrap.min.css]
2017-08-04 16:26:55,060 DEBUG [http-bio-8787-exec-5] AbstractUrlHandlerMapping - Matching patterns for request [/resources/vendor/bootstrap/css/bootstrap.min.css] are [/resources/**]
2017-08-04 16:26:55,061 DEBUG [http-bio-8787-exec-5] AbstractUrlHandlerMapping - URI Template variables for request [/resources/vendor/bootstrap/css/bootstrap.min.css] are {}
2017-08-04 16:26:55,061 DEBUG [http-bio-8787-exec-5] AbstractUrlHandlerMapping - Mapping [/resources/vendor/bootstrap/css/bootstrap.min.css] to HandlerExecutionChain with handler [org.springframework.web.servlet.resource.ResourceHttpRequestHandler@b4ba9a] and 1 interceptor
2017-08-04 16:26:55,060 DEBUG [http-bio-8787-exec-10] AbstractHandlerMethodMapping - Did not find handler method for [/resources/vendor/metisMenu/metisMenu.min.css]
2017-08-04 16:26:55,061 DEBUG [http-bio-8787-exec-10] AbstractHandlerMethodMapping - Looking up handler method for path /resources/vendor/metisMenu/metisMenu.min.css
2017-08-04 16:26:55,061 DEBUG [http-bio-8787-exec-5] DispatcherServlet - Last-Modified value for [/PharmacyApplication/resources/vendor/bootstrap/css/bootstrap.min.css] is: -1
2017-08-04 16:26:55,062 DEBUG [http-bio-8787-exec-10] AbstractHandlerMethodMapping - Did not find handler method for [/resources/vendor/metisMenu/metisMenu.min.css]
2017-08-04 16:26:55,062 DEBUG [http-bio-8787-exec-5] ResourceHttpRequestHandler - Trying relative path [vendor/bootstrap/css/bootstrap.min.css] against base location: ServletContext resource [/resources/]
2017-08-04 16:26:55,062 DEBUG [http-bio-8787-exec-10] AbstractUrlHandlerMapping - Matching patterns for request [/resources/vendor/metisMenu/metisMenu.min.css] are [/resources/**]
2017-08-04 16:26:55,062 DEBUG [http-bio-8787-exec-5] ResourceHttpRequestHandler - Found matching resource: ServletContext resource [/resources/vendor/bootstrap/css/bootstrap.min.css]
2017-08-04 16:26:55,062 DEBUG [http-bio-8787-exec-10] AbstractUrlHandlerMapping - URI Template variables for request [/resources/vendor/metisMenu/metisMenu.min.css] are {}
2017-08-04 16:26:55,062 DEBUG [http-bio-8787-exec-5] ResourceHttpRequestHandler - Determined media type 'text/css' for ServletContext resource [/resources/vendor/bootstrap/css/bootstrap.min.css]
2017-08-04 16:26:55,062 DEBUG [http-bio-8787-exec-10] AbstractUrlHandlerMapping - Mapping [/resources/vendor/metisMenu/metisMenu.min.css] to HandlerExecutionChain with handler [org.springframework.web.servlet.resource.ResourceHttpRequestHandler@b4ba9a] and 1 interceptor
2017-08-04 16:26:55,083 DEBUG [http-bio-8787-exec-10] DispatcherServlet - Last-Modified value for [/PharmacyApplication/resources/vendor/metisMenu/metisMenu.min.css] is: -1
2017-08-04 16:26:55,083 DEBUG [http-bio-8787-exec-10] ResourceHttpRequestHandler - Trying relative path [vendor/metisMenu/metisMenu.min.css] against base location: ServletContext resource [/resources/]
2017-08-04 16:26:55,083 DEBUG [http-bio-8787-exec-10] ResourceHttpRequestHandler - Found matching resource: ServletContext resource [/resources/vendor/metisMenu/metisMenu.min.css]
2017-08-04 16:26:55,083 DEBUG [http-bio-8787-exec-10] ResourceHttpRequestHandler - Determined media type 'text/css' for ServletContext resource [/resources/vendor/metisMenu/metisMenu.min.css]
2017-08-04 16:26:55,081 DEBUG [http-bio-8787-exec-1] DispatcherServlet - DispatcherServlet with name 'spring' processing GET request for [/PharmacyApplication/resources/vendor/font-awesome/css/font-awesome.min.css]
2017-08-04 16:26:55,081 DEBUG [http-bio-8787-exec-3] DispatcherServlet - DispatcherServlet with name 'spring' processing GET request for [/PharmacyApplication/resources/vendor/jquery/jquery.min.js]
2017-08-04 16:26:55,077 DEBUG [http-bio-8787-exec-7] DispatcherServlet - DispatcherServlet with name 'spring' processing GET request for [/PharmacyApplication/resources/vendor/morrisjs/morris.css]
2017-08-04 16:26:55,075 DEBUG [http-bio-8787-exec-6] DispatcherServlet - DispatcherServlet with name 'spring' processing GET request for [/PharmacyApplication/resources/dist/css/sb-admin-2.css]
2017-08-04 16:26:55,062 DEBUG [http-bio-8787-exec-5] ResourceHttpRequestHandler - Resource not modified - returning 304
2017-08-04 16:26:55,084 DEBUG [http-bio-8787-exec-5] DispatcherServlet - Null ModelAndView returned to DispatcherServlet with name 'spring': assuming HandlerAdapter completed request handling
2017-08-04 16:26:55,084 DEBUG [http-bio-8787-exec-5] FrameworkServlet - Successfully completed request
2017-08-04 16:26:55,084 DEBUG [http-bio-8787-exec-6] AbstractHandlerMethodMapping - Looking up handler method for path /resources/dist/css/sb-admin-2.css
2017-08-04 16:26:55,085 DEBUG [http-bio-8787-exec-6] AbstractHandlerMethodMapping - Did not find handler method for [/resources/dist/css/sb-admin-2.css]
2017-08-04 16:26:55,085 DEBUG [http-bio-8787-exec-6] AbstractHandlerMethodMapping - Looking up handler method for path /resources/dist/css/sb-admin-2.css
2017-08-04 16:26:55,085 DEBUG [http-bio-8787-exec-6] AbstractHandlerMethodMapping - Did not find handler method for [/resources/dist/css/sb-admin-2.css]
2017-08-04 16:26:55,086 DEBUG [http-bio-8787-exec-6] AbstractUrlHandlerMapping - Matching patterns for request [/resources/dist/css/sb-admin-2.css] are [/resources/**]
2017-08-04 16:26:55,086 DEBUG [http-bio-8787-exec-6] AbstractUrlHandlerMapping - URI Template variables for request [/resources/dist/css/sb-admin-2.css] are {}
2017-08-04 16:26:55,086 DEBUG [http-bio-8787-exec-6] AbstractUrlHandlerMapping - Mapping [/resources/dist/css/sb-admin-2.css] to HandlerExecutionChain with handler [org.springframework.web.servlet.resource.ResourceHttpRequestHandler@b4ba9a] and 1 interceptor
2017-08-04 16:26:55,086 DEBUG [http-bio-8787-exec-6] DispatcherServlet - Last-Modified value for [/PharmacyApplication/resources/dist/css/sb-admin-2.css] is: -1
2017-08-04 16:26:55,086 DEBUG [http-bio-8787-exec-6] ResourceHttpRequestHandler - Trying relative path [dist/css/sb-admin-2.css] against base location: ServletContext resource [/resources/]
2017-08-04 16:26:55,086 DEBUG [http-bio-8787-exec-5] DispatcherServlet - DispatcherServlet with name 'spring' processing GET request for [/PharmacyApplication/resources/vendor/bootstrap/js/bootstrap.min.js]
2017-08-04 16:26:55,086 DEBUG [http-bio-8787-exec-5] AbstractHandlerMethodMapping - Looking up handler method for path /resources/vendor/bootstrap/js/bootstrap.min.js
2017-08-04 16:26:55,086 DEBUG [http-bio-8787-exec-6] ResourceHttpRequestHandler - Found matching resource: ServletContext resource [/resources/dist/css/sb-admin-2.css]
2017-08-04 16:26:55,087 DEBUG [http-bio-8787-exec-6] ResourceHttpRequestHandler - Determined media type 'text/css' for ServletContext resource [/resources/dist/css/sb-admin-2.css]
2017-08-04 16:26:55,087 DEBUG [http-bio-8787-exec-6] ResourceHttpRequestHandler - Resource not modified - returning 304
2017-08-04 16:26:55,087 DEBUG [http-bio-8787-exec-6] DispatcherServlet - Null ModelAndView returned to DispatcherServlet with name 'spring': assuming HandlerAdapter completed request handling
2017-08-04 16:26:55,087 DEBUG [http-bio-8787-exec-6] FrameworkServlet - Successfully completed request
2017-08-04 16:26:55,084 DEBUG [http-bio-8787-exec-7] AbstractHandlerMethodMapping - Looking up handler method for path /resources/vendor/morrisjs/morris.css
2017-08-04 16:26:55,084 DEBUG [http-bio-8787-exec-3] AbstractHandlerMethodMapping - Looking up handler method for path /resources/vendor/jquery/jquery.min.js
2017-08-04 16:26:55,083 DEBUG [http-bio-8787-exec-1] AbstractHandlerMethodMapping - Looking up handler method for path /resources/vendor/font-awesome/css/font-awesome.min.css
2017-08-04 16:26:55,083 DEBUG [http-bio-8787-exec-10] ResourceHttpRequestHandler - Resource not modified - returning 304
2017-08-04 16:26:55,089 DEBUG [http-bio-8787-exec-1] AbstractHandlerMethodMapping - Did not find handler method for [/resources/vendor/font-awesome/css/font-awesome.min.css]
2017-08-04 16:26:55,088 DEBUG [http-bio-8787-exec-3] AbstractHandlerMethodMapping - Did not find handler method for [/resources/vendor/jquery/jquery.min.js]
2017-08-04 16:26:55,088 DEBUG [http-bio-8787-exec-7] AbstractHandlerMethodMapping - Did not find handler method for [/resources/vendor/morrisjs/morris.css]
2017-08-04 16:26:55,087 DEBUG [http-bio-8787-exec-5] AbstractHandlerMethodMapping - Did not find handler method for [/resources/vendor/bootstrap/js/bootstrap.min.js]
2017-08-04 16:26:55,090 DEBUG [http-bio-8787-exec-7] AbstractHandlerMethodMapping - Looking up handler method for path /resources/vendor/morrisjs/morris.css
2017-08-04 16:26:55,089 DEBUG [http-bio-8787-exec-3] AbstractHandlerMethodMapping - Looking up handler method for path /resources/vendor/jquery/jquery.min.js
2017-08-04 16:26:55,089 DEBUG [http-bio-8787-exec-1] AbstractHandlerMethodMapping - Looking up handler method for path /resources/vendor/font-awesome/css/font-awesome.min.css
2017-08-04 16:26:55,089 DEBUG [http-bio-8787-exec-10] DispatcherServlet - Null ModelAndView returned to DispatcherServlet with name 'spring': assuming HandlerAdapter completed request handling
2017-08-04 16:26:55,090 DEBUG [http-bio-8787-exec-10] FrameworkServlet - Successfully completed request
2017-08-04 16:26:55,090 DEBUG [http-bio-8787-exec-1] AbstractHandlerMethodMapping - Did not find handler method for [/resources/vendor/font-awesome/css/font-awesome.min.css]
2017-08-04 16:26:55,090 DEBUG [http-bio-8787-exec-3] AbstractHandlerMethodMapping - Did not find handler method for [/resources/vendor/jquery/jquery.min.js]
2017-08-04 16:26:55,090 DEBUG [http-bio-8787-exec-7] AbstractHandlerMethodMapping - Did not find handler method for [/resources/vendor/morrisjs/morris.css]
2017-08-04 16:26:55,090 DEBUG [http-bio-8787-exec-5] AbstractHandlerMethodMapping - Looking up handler method for path /resources/vendor/bootstrap/js/bootstrap.min.js
2017-08-04 16:26:55,091 DEBUG [http-bio-8787-exec-7] AbstractUrlHandlerMapping - Matching patterns for request [/resources/vendor/morrisjs/morris.css] are [/resources/**]
2017-08-04 16:26:55,091 DEBUG [http-bio-8787-exec-3] AbstractUrlHandlerMapping - Matching patterns for request [/resources/vendor/jquery/jquery.min.js] are [/resources/**]
2017-08-04 16:26:55,091 DEBUG [http-bio-8787-exec-1] AbstractUrlHandlerMapping - Matching patterns for request [/resources/vendor/font-awesome/css/font-awesome.min.css] are [/resources/**]
2017-08-04 16:26:55,091 DEBUG [http-bio-8787-exec-3] AbstractUrlHandlerMapping - URI Template variables for request [/resources/vendor/jquery/jquery.min.js] are {}
2017-08-04 16:26:55,091 DEBUG [http-bio-8787-exec-7] AbstractUrlHandlerMapping - URI Template variables for request [/resources/vendor/morrisjs/morris.css] are {}
2017-08-04 16:26:55,091 DEBUG [http-bio-8787-exec-5] AbstractHandlerMethodMapping - Did not find handler method for [/resources/vendor/bootstrap/js/bootstrap.min.js]
2017-08-04 16:26:55,092 DEBUG [http-bio-8787-exec-7] AbstractUrlHandlerMapping - Mapping [/resources/vendor/morrisjs/morris.css] to HandlerExecutionChain with handler [org.springframework.web.servlet.resource.ResourceHttpRequestHandler@b4ba9a] and 1 interceptor
2017-08-04 16:26:55,092 DEBUG [http-bio-8787-exec-3] AbstractUrlHandlerMapping - Mapping [/resources/vendor/jquery/jquery.min.js] to HandlerExecutionChain with handler [org.springframework.web.servlet.resource.ResourceHttpRequestHandler@b4ba9a] and 1 interceptor
2017-08-04 16:26:55,092 DEBUG [http-bio-8787-exec-3] DispatcherServlet - Last-Modified value for [/PharmacyApplication/resources/vendor/jquery/jquery.min.js] is: -1
2017-08-04 16:26:55,092 DEBUG [http-bio-8787-exec-3] ResourceHttpRequestHandler - Trying relative path [vendor/jquery/jquery.min.js] against base location: ServletContext resource [/resources/]
2017-08-04 16:26:55,093 DEBUG [http-bio-8787-exec-7] DispatcherServlet - Last-Modified value for [/PharmacyApplication/resources/vendor/morrisjs/morris.css] is: -1
2017-08-04 16:26:55,094 DEBUG [http-bio-8787-exec-7] ResourceHttpRequestHandler - Trying relative path [vendor/morrisjs/morris.css] against base location: ServletContext resource [/resources/]
2017-08-04 16:26:55,092 DEBUG [http-bio-8787-exec-1] AbstractUrlHandlerMapping - URI Template variables for request [/resources/vendor/font-awesome/css/font-awesome.min.css] are {}
2017-08-04 16:26:55,099 DEBUG [http-bio-8787-exec-7] ResourceHttpRequestHandler - Found matching resource: ServletContext resource [/resources/vendor/morrisjs/morris.css]
2017-08-04 16:26:55,098 DEBUG [http-bio-8787-exec-10] DispatcherServlet - DispatcherServlet with name 'spring' processing GET request for [/PharmacyApplication/resources/vendor/raphael/raphael.min.js]
2017-08-04 16:26:55,099 DEBUG [http-bio-8787-exec-10] AbstractHandlerMethodMapping - Looking up handler method for path /resources/vendor/raphael/raphael.min.js
2017-08-04 16:26:55,098 DEBUG [http-bio-8787-exec-6] DispatcherServlet - DispatcherServlet with name 'spring' processing GET request for [/PharmacyApplication/resources/vendor/metisMenu/metisMenu.min.js]
2017-08-04 16:26:55,093 DEBUG [http-bio-8787-exec-3] ResourceHttpRequestHandler - Found matching resource: ServletContext resource [/resources/vendor/jquery/jquery.min.js]
2017-08-04 16:26:55,092 DEBUG [http-bio-8787-exec-5] AbstractUrlHandlerMapping - Matching patterns for request [/resources/vendor/bootstrap/js/bootstrap.min.js] are [/resources/**]
2017-08-04 16:26:55,100 DEBUG [http-bio-8787-exec-3] ResourceHttpRequestHandler - Determined media type 'application/javascript' for ServletContext resource [/resources/vendor/jquery/jquery.min.js]
2017-08-04 16:26:55,100 DEBUG [http-bio-8787-exec-6] AbstractHandlerMethodMapping - Looking up handler method for path /resources/vendor/metisMenu/metisMenu.min.js
2017-08-04 16:26:55,100 DEBUG [http-bio-8787-exec-10] AbstractHandlerMethodMapping - Did not find handler method for [/resources/vendor/raphael/raphael.min.js]
2017-08-04 16:26:55,100 DEBUG [http-bio-8787-exec-10] AbstractHandlerMethodMapping - Looking up handler method for path /resources/vendor/raphael/raphael.min.js
2017-08-04 16:26:55,099 DEBUG [http-bio-8787-exec-7] ResourceHttpRequestHandler - Determined media type 'text/css' for ServletContext resource [/resources/vendor/morrisjs/morris.css]
2017-08-04 16:26:55,101 DEBUG [http-bio-8787-exec-7] ResourceHttpRequestHandler - Resource not modified - returning 304
2017-08-04 16:26:55,099 DEBUG [http-bio-8787-exec-1] AbstractUrlHandlerMapping - Mapping [/resources/vendor/font-awesome/css/font-awesome.min.css] to HandlerExecutionChain with handler [org.springframework.web.servlet.resource.ResourceHttpRequestHandler@b4ba9a] and 1 interceptor
2017-08-04 16:26:55,101 DEBUG [http-bio-8787-exec-7] DispatcherServlet - Null ModelAndView returned to DispatcherServlet with name 'spring': assuming HandlerAdapter completed request handling
2017-08-04 16:26:55,101 DEBUG [http-bio-8787-exec-10] AbstractHandlerMethodMapping - Did not find handler method for [/resources/vendor/raphael/raphael.min.js]
2017-08-04 16:26:55,101 DEBUG [http-bio-8787-exec-3] ResourceHttpRequestHandler - Resource not modified - returning 304
2017-08-04 16:26:55,100 DEBUG [http-bio-8787-exec-6] AbstractHandlerMethodMapping - Did not find handler method for [/resources/vendor/metisMenu/metisMenu.min.js]
2017-08-04 16:26:55,101 DEBUG [http-bio-8787-exec-6] AbstractHandlerMethodMapping - Looking up handler method for path /resources/vendor/metisMenu/metisMenu.min.js
2017-08-04 16:26:55,102 DEBUG [http-bio-8787-exec-6] AbstractHandlerMethodMapping - Did not find handler method for [/resources/vendor/metisMenu/metisMenu.min.js]
2017-08-04 16:26:55,100 DEBUG [http-bio-8787-exec-5] AbstractUrlHandlerMapping - URI Template variables for request [/resources/vendor/bootstrap/js/bootstrap.min.js] are {}
2017-08-04 16:26:55,102 DEBUG [http-bio-8787-exec-6] AbstractUrlHandlerMapping - Matching patterns for request [/resources/vendor/metisMenu/metisMenu.min.js] are [/resources/**]
2017-08-04 16:26:55,101 DEBUG [http-bio-8787-exec-3] DispatcherServlet - Null ModelAndView returned to DispatcherServlet with name 'spring': assuming HandlerAdapter completed request handling
2017-08-04 16:26:55,101 DEBUG [http-bio-8787-exec-10] AbstractUrlHandlerMapping - Matching patterns for request [/resources/vendor/raphael/raphael.min.js] are [/resources/**]
2017-08-04 16:26:55,101 DEBUG [http-bio-8787-exec-7] FrameworkServlet - Successfully completed request
2017-08-04 16:26:55,101 DEBUG [http-bio-8787-exec-1] DispatcherServlet - Last-Modified value for [/PharmacyApplication/resources/vendor/font-awesome/css/font-awesome.min.css] is: -1
2017-08-04 16:26:55,102 DEBUG [http-bio-8787-exec-10] AbstractUrlHandlerMapping - URI Template variables for request [/resources/vendor/raphael/raphael.min.js] are {}
2017-08-04 16:26:55,103 DEBUG [http-bio-8787-exec-10] AbstractUrlHandlerMapping - Mapping [/resources/vendor/raphael/raphael.min.js] to HandlerExecutionChain with handler [org.springframework.web.servlet.resource.ResourceHttpRequestHandler@b4ba9a] and 1 interceptor
2017-08-04 16:26:55,102 DEBUG [http-bio-8787-exec-3] FrameworkServlet - Successfully completed request
2017-08-04 16:26:55,102 DEBUG [http-bio-8787-exec-6] AbstractUrlHandlerMapping - URI Template variables for request [/resources/vendor/metisMenu/metisMenu.min.js] are {}
2017-08-04 16:26:55,102 DEBUG [http-bio-8787-exec-5] AbstractUrlHandlerMapping - Mapping [/resources/vendor/bootstrap/js/bootstrap.min.js] to HandlerExecutionChain with handler [org.springframework.web.servlet.resource.ResourceHttpRequestHandler@b4ba9a] and 1 interceptor
2017-08-04 16:26:55,107 DEBUG [http-bio-8787-exec-6] AbstractUrlHandlerMapping - Mapping [/resources/vendor/metisMenu/metisMenu.min.js] to HandlerExecutionChain with handler [org.springframework.web.servlet.resource.ResourceHttpRequestHandler@b4ba9a] and 1 interceptor
2017-08-04 16:26:55,107 DEBUG [http-bio-8787-exec-6] DispatcherServlet - Last-Modified value for [/PharmacyApplication/resources/vendor/metisMenu/metisMenu.min.js] is: -1
2017-08-04 16:26:55,107 DEBUG [http-bio-8787-exec-6] ResourceHttpRequestHandler - Trying relative path [vendor/metisMenu/metisMenu.min.js] against base location: ServletContext resource [/resources/]
2017-08-04 16:26:55,106 DEBUG [http-bio-8787-exec-10] DispatcherServlet - Last-Modified value for [/PharmacyApplication/resources/vendor/raphael/raphael.min.js] is: -1
2017-08-04 16:26:55,108 DEBUG [http-bio-8787-exec-10] ResourceHttpRequestHandler - Trying relative path [vendor/raphael/raphael.min.js] against base location: ServletContext resource [/resources/]
2017-08-04 16:26:55,108 DEBUG [http-bio-8787-exec-10] ResourceHttpRequestHandler - Found matching resource: ServletContext resource [/resources/vendor/raphael/raphael.min.js]
2017-08-04 16:26:55,108 DEBUG [http-bio-8787-exec-10] ResourceHttpRequestHandler - Determined media type 'application/javascript' for ServletContext resource [/resources/vendor/raphael/raphael.min.js]
2017-08-04 16:26:55,104 DEBUG [http-bio-8787-exec-7] DispatcherServlet - DispatcherServlet with name 'spring' processing GET request for [/PharmacyApplication/resources/vendor/morrisjs/morris.min.js]
2017-08-04 16:26:55,108 DEBUG [http-bio-8787-exec-7] AbstractHandlerMethodMapping - Looking up handler method for path /resources/vendor/morrisjs/morris.min.js
2017-08-04 16:26:55,108 DEBUG [http-bio-8787-exec-7] AbstractHandlerMethodMapping - Did not find handler method for [/resources/vendor/morrisjs/morris.min.js]
2017-08-04 16:26:55,109 DEBUG [http-bio-8787-exec-7] AbstractHandlerMethodMapping - Looking up handler method for path /resources/vendor/morrisjs/morris.min.js
2017-08-04 16:26:55,109 DEBUG [http-bio-8787-exec-7] AbstractHandlerMethodMapping - Did not find handler method for [/resources/vendor/morrisjs/morris.min.js]
2017-08-04 16:26:55,109 DEBUG [http-bio-8787-exec-7] AbstractUrlHandlerMapping - Matching patterns for request [/resources/vendor/morrisjs/morris.min.js] are [/resources/**]
2017-08-04 16:26:55,109 DEBUG [http-bio-8787-exec-7] AbstractUrlHandlerMapping - URI Template variables for request [/resources/vendor/morrisjs/morris.min.js] are {}
2017-08-04 16:26:55,109 DEBUG [http-bio-8787-exec-7] AbstractUrlHandlerMapping - Mapping [/resources/vendor/morrisjs/morris.min.js] to HandlerExecutionChain with handler [org.springframework.web.servlet.resource.ResourceHttpRequestHandler@b4ba9a] and 1 interceptor
2017-08-04 16:26:55,110 DEBUG [http-bio-8787-exec-7] DispatcherServlet - Last-Modified value for [/PharmacyApplication/resources/vendor/morrisjs/morris.min.js] is: -1
2017-08-04 16:26:55,111 DEBUG [http-bio-8787-exec-7] ResourceHttpRequestHandler - Trying relative path [vendor/morrisjs/morris.min.js] against base location: ServletContext resource [/resources/]
2017-08-04 16:26:55,103 DEBUG [http-bio-8787-exec-1] ResourceHttpRequestHandler - Trying relative path [vendor/font-awesome/css/font-awesome.min.css] against base location: ServletContext resource [/resources/]
2017-08-04 16:26:55,115 DEBUG [http-bio-8787-exec-7] ResourceHttpRequestHandler - Found matching resource: ServletContext resource [/resources/vendor/morrisjs/morris.min.js]
2017-08-04 16:26:55,113 DEBUG [http-bio-8787-exec-3] DispatcherServlet - DispatcherServlet with name 'spring' processing GET request for [/PharmacyApplication/resources/data/morris-data.js]
2017-08-04 16:26:55,108 DEBUG [http-bio-8787-exec-10] ResourceHttpRequestHandler - Resource not modified - returning 304
2017-08-04 16:26:55,107 DEBUG [http-bio-8787-exec-6] ResourceHttpRequestHandler - Found matching resource: ServletContext resource [/resources/vendor/metisMenu/metisMenu.min.js]
2017-08-04 16:26:55,107 DEBUG [http-bio-8787-exec-5] DispatcherServlet - Last-Modified value for [/PharmacyApplication/resources/vendor/bootstrap/js/bootstrap.min.js] is: -1
2017-08-04 16:26:55,115 DEBUG [http-bio-8787-exec-6] ResourceHttpRequestHandler - Determined media type 'application/javascript' for ServletContext resource [/resources/vendor/metisMenu/metisMenu.min.js]
2017-08-04 16:26:55,115 DEBUG [http-bio-8787-exec-10] DispatcherServlet - Null ModelAndView returned to DispatcherServlet with name 'spring': assuming HandlerAdapter completed request handling
2017-08-04 16:26:55,115 DEBUG [http-bio-8787-exec-3] AbstractHandlerMethodMapping - Looking up handler method for path /resources/data/morris-data.js
2017-08-04 16:26:55,115 DEBUG [http-bio-8787-exec-7] ResourceHttpRequestHandler - Determined media type 'application/javascript' for ServletContext resource [/resources/vendor/morrisjs/morris.min.js]
2017-08-04 16:26:55,115 DEBUG [http-bio-8787-exec-1] ResourceHttpRequestHandler - Found matching resource: ServletContext resource [/resources/vendor/font-awesome/css/font-awesome.min.css]
2017-08-04 16:26:55,116 DEBUG [http-bio-8787-exec-7] ResourceHttpRequestHandler - Resource not modified - returning 304
2017-08-04 16:26:55,116 DEBUG [http-bio-8787-exec-3] AbstractHandlerMethodMapping - Did not find handler method for [/resources/data/morris-data.js]
2017-08-04 16:26:55,116 DEBUG [http-bio-8787-exec-10] FrameworkServlet - Successfully completed request
2017-08-04 16:26:55,116 DEBUG [http-bio-8787-exec-6] ResourceHttpRequestHandler - Resource not modified - returning 304
2017-08-04 16:26:55,117 DEBUG [http-bio-8787-exec-6] DispatcherServlet - Null ModelAndView returned to DispatcherServlet with name 'spring': assuming HandlerAdapter completed request handling
2017-08-04 16:26:55,117 DEBUG [http-bio-8787-exec-6] FrameworkServlet - Successfully completed request
2017-08-04 16:26:55,116 DEBUG [http-bio-8787-exec-5] ResourceHttpRequestHandler - Trying relative path [vendor/bootstrap/js/bootstrap.min.js] against base location: ServletContext resource [/resources/]
2017-08-04 16:26:55,116 DEBUG [http-bio-8787-exec-3] AbstractHandlerMethodMapping - Looking up handler method for path /resources/data/morris-data.js
2017-08-04 16:26:55,117 DEBUG [http-bio-8787-exec-3] AbstractHandlerMethodMapping - Did not find handler method for [/resources/data/morris-data.js]
2017-08-04 16:26:55,118 DEBUG [http-bio-8787-exec-3] AbstractUrlHandlerMapping - Matching patterns for request [/resources/data/morris-data.js] are [/resources/**]
2017-08-04 16:26:55,118 DEBUG [http-bio-8787-exec-3] AbstractUrlHandlerMapping - URI Template variables for request [/resources/data/morris-data.js] are {}
2017-08-04 16:26:55,116 DEBUG [http-bio-8787-exec-7] DispatcherServlet - Null ModelAndView returned to DispatcherServlet with name 'spring': assuming HandlerAdapter completed request handling
2017-08-04 16:26:55,116 DEBUG [http-bio-8787-exec-1] ResourceHttpRequestHandler - Determined media type 'text/css' for ServletContext resource [/resources/vendor/font-awesome/css/font-awesome.min.css]
2017-08-04 16:26:55,124 DEBUG [http-bio-8787-exec-7] FrameworkServlet - Successfully completed request
2017-08-04 16:26:55,122 DEBUG [http-bio-8787-exec-10] DispatcherServlet - DispatcherServlet with name 'spring' processing GET request for [/PharmacyApplication/resources/dist/js/sb-admin-2.js]
2017-08-04 16:26:55,125 DEBUG [http-bio-8787-exec-10] AbstractHandlerMethodMapping - Looking up handler method for path /resources/dist/js/sb-admin-2.js
2017-08-04 16:26:55,125 DEBUG [http-bio-8787-exec-10] AbstractHandlerMethodMapping - Did not find handler method for [/resources/dist/js/sb-admin-2.js]
2017-08-04 16:26:55,125 DEBUG [http-bio-8787-exec-10] AbstractHandlerMethodMapping - Looking up handler method for path /resources/dist/js/sb-admin-2.js
2017-08-04 16:26:55,118 DEBUG [http-bio-8787-exec-3] AbstractUrlHandlerMapping - Mapping [/resources/data/morris-data.js] to HandlerExecutionChain with handler [org.springframework.web.servlet.resource.ResourceHttpRequestHandler@b4ba9a] and 1 interceptor
2017-08-04 16:26:55,117 DEBUG [http-bio-8787-exec-5] ResourceHttpRequestHandler - Found matching resource: ServletContext resource [/resources/vendor/bootstrap/js/bootstrap.min.js]
2017-08-04 16:26:55,125 DEBUG [http-bio-8787-exec-3] DispatcherServlet - Last-Modified value for [/PharmacyApplication/resources/data/morris-data.js] is: -1
2017-08-04 16:26:55,125 DEBUG [http-bio-8787-exec-3] ResourceHttpRequestHandler - Trying relative path [data/morris-data.js] against base location: ServletContext resource [/resources/]
2017-08-04 16:26:55,126 DEBUG [http-bio-8787-exec-3] ResourceHttpRequestHandler - Found matching resource: ServletContext resource [/resources/data/morris-data.js]
2017-08-04 16:26:55,126 DEBUG [http-bio-8787-exec-3] ResourceHttpRequestHandler - Determined media type 'application/javascript' for ServletContext resource [/resources/data/morris-data.js]
2017-08-04 16:26:55,126 DEBUG [http-bio-8787-exec-3] ResourceHttpRequestHandler - Resource not modified - returning 304
2017-08-04 16:26:55,128 DEBUG [http-bio-8787-exec-3] DispatcherServlet - Null ModelAndView returned to DispatcherServlet with name 'spring': assuming HandlerAdapter completed request handling
2017-08-04 16:26:55,125 DEBUG [http-bio-8787-exec-1] ResourceHttpRequestHandler - Resource not modified - returning 304
2017-08-04 16:26:55,125 DEBUG [http-bio-8787-exec-10] AbstractHandlerMethodMapping - Did not find handler method for [/resources/dist/js/sb-admin-2.js]
2017-08-04 16:26:55,128 DEBUG [http-bio-8787-exec-3] FrameworkServlet - Successfully completed request
2017-08-04 16:26:55,125 DEBUG [http-bio-8787-exec-5] ResourceHttpRequestHandler - Determined media type 'application/javascript' for ServletContext resource [/resources/vendor/bootstrap/js/bootstrap.min.js]
2017-08-04 16:26:55,129 DEBUG [http-bio-8787-exec-5] ResourceHttpRequestHandler - Resource not modified - returning 304
2017-08-04 16:26:55,129 DEBUG [http-bio-8787-exec-5] DispatcherServlet - Null ModelAndView returned to DispatcherServlet with name 'spring': assuming HandlerAdapter completed request handling
2017-08-04 16:26:55,129 DEBUG [http-bio-8787-exec-5] FrameworkServlet - Successfully completed request
2017-08-04 16:26:55,129 DEBUG [http-bio-8787-exec-10] AbstractUrlHandlerMapping - Matching patterns for request [/resources/dist/js/sb-admin-2.js] are [/resources/**]
2017-08-04 16:26:55,129 DEBUG [http-bio-8787-exec-10] AbstractUrlHandlerMapping - URI Template variables for request [/resources/dist/js/sb-admin-2.js] are {}
2017-08-04 16:26:55,130 DEBUG [http-bio-8787-exec-10] AbstractUrlHandlerMapping - Mapping [/resources/dist/js/sb-admin-2.js] to HandlerExecutionChain with handler [org.springframework.web.servlet.resource.ResourceHttpRequestHandler@b4ba9a] and 1 interceptor
2017-08-04 16:26:55,130 DEBUG [http-bio-8787-exec-1] DispatcherServlet - Null ModelAndView returned to DispatcherServlet with name 'spring': assuming HandlerAdapter completed request handling
2017-08-04 16:26:55,133 DEBUG [http-bio-8787-exec-10] DispatcherServlet - Last-Modified value for [/PharmacyApplication/resources/dist/js/sb-admin-2.js] is: -1
2017-08-04 16:26:55,133 DEBUG [http-bio-8787-exec-10] ResourceHttpRequestHandler - Trying relative path [dist/js/sb-admin-2.js] against base location: ServletContext resource [/resources/]
2017-08-04 16:26:55,133 DEBUG [http-bio-8787-exec-10] ResourceHttpRequestHandler - Found matching resource: ServletContext resource [/resources/dist/js/sb-admin-2.js]
2017-08-04 16:26:55,134 DEBUG [http-bio-8787-exec-10] ResourceHttpRequestHandler - Determined media type 'application/javascript' for ServletContext resource [/resources/dist/js/sb-admin-2.js]
2017-08-04 16:26:55,134 DEBUG [http-bio-8787-exec-1] FrameworkServlet - Successfully completed request
2017-08-04 16:26:55,134 DEBUG [http-bio-8787-exec-10] ResourceHttpRequestHandler - Resource not modified - returning 304
2017-08-04 16:26:55,134 DEBUG [http-bio-8787-exec-10] DispatcherServlet - Null ModelAndView returned to DispatcherServlet with name 'spring': assuming HandlerAdapter completed request handling
2017-08-04 16:26:55,134 DEBUG [http-bio-8787-exec-10] FrameworkServlet - Successfully completed request
2017-08-04 16:26:55,358 DEBUG [http-bio-8787-exec-10] DispatcherServlet - DispatcherServlet with name 'spring' processing GET request for [/PharmacyApplication/resources/vendor/font-awesome/fonts/fontawesome-webfont.woff2]
2017-08-04 16:26:55,358 DEBUG [http-bio-8787-exec-10] AbstractHandlerMethodMapping - Looking up handler method for path /resources/vendor/font-awesome/fonts/fontawesome-webfont.woff2
2017-08-04 16:26:55,358 DEBUG [http-bio-8787-exec-10] AbstractHandlerMethodMapping - Did not find handler method for [/resources/vendor/font-awesome/fonts/fontawesome-webfont.woff2]
2017-08-04 16:26:55,359 DEBUG [http-bio-8787-exec-10] AbstractHandlerMethodMapping - Looking up handler method for path /resources/vendor/font-awesome/fonts/fontawesome-webfont.woff2
2017-08-04 16:26:55,359 DEBUG [http-bio-8787-exec-10] AbstractHandlerMethodMapping - Did not find handler method for [/resources/vendor/font-awesome/fonts/fontawesome-webfont.woff2]
2017-08-04 16:26:55,359 DEBUG [http-bio-8787-exec-10] AbstractUrlHandlerMapping - Matching patterns for request [/resources/vendor/font-awesome/fonts/fontawesome-webfont.woff2] are [/resources/**]
2017-08-04 16:26:55,359 DEBUG [http-bio-8787-exec-10] AbstractUrlHandlerMapping - URI Template variables for request [/resources/vendor/font-awesome/fonts/fontawesome-webfont.woff2] are {}
2017-08-04 16:26:55,359 DEBUG [http-bio-8787-exec-10] AbstractUrlHandlerMapping - Mapping [/resources/vendor/font-awesome/fonts/fontawesome-webfont.woff2] to HandlerExecutionChain with handler [org.springframework.web.servlet.resource.ResourceHttpRequestHandler@b4ba9a] and 1 interceptor
2017-08-04 16:26:55,360 DEBUG [http-bio-8787-exec-10] DispatcherServlet - Last-Modified value for [/PharmacyApplication/resources/vendor/font-awesome/fonts/fontawesome-webfont.woff2] is: -1
2017-08-04 16:26:55,360 DEBUG [http-bio-8787-exec-10] ResourceHttpRequestHandler - Trying relative path [vendor/font-awesome/fonts/fontawesome-webfont.woff2] against base location: ServletContext resource [/resources/]
2017-08-04 16:26:55,360 DEBUG [http-bio-8787-exec-10] ResourceHttpRequestHandler - Found matching resource: ServletContext resource [/resources/vendor/font-awesome/fonts/fontawesome-webfont.woff2]
2017-08-04 16:26:55,360 DEBUG [http-bio-8787-exec-10] ResourceHttpRequestHandler - No media type found for ServletContext resource [/resources/vendor/font-awesome/fonts/fontawesome-webfont.woff2] - not sending a content-type header
2017-08-04 16:26:55,361 DEBUG [http-bio-8787-exec-10] ResourceHttpRequestHandler - Resource not modified - returning 304
2017-08-04 16:26:55,361 DEBUG [http-bio-8787-exec-10] DispatcherServlet - Null ModelAndView returned to DispatcherServlet with name 'spring': assuming HandlerAdapter completed request handling
2017-08-04 16:26:55,361 DEBUG [http-bio-8787-exec-10] FrameworkServlet - Successfully completed request
2017-08-04 16:27:19,671 DEBUG [http-bio-8787-exec-4] DispatcherServlet - DispatcherServlet with name 'spring' processing GET request for [/PharmacyApplication/test]
2017-08-04 16:27:19,671 DEBUG [http-bio-8787-exec-4] AbstractHandlerMethodMapping - Looking up handler method for path /test
2017-08-04 16:27:19,671 DEBUG [http-bio-8787-exec-4] AbstractHandlerMethodMapping - Returning handler method [public org.springframework.web.servlet.ModelAndView com.soft.pharamacy.controller.LoginController.testpage()]
2017-08-04 16:27:19,671 DEBUG [http-bio-8787-exec-4] AbstractBeanFactory - Returning cached instance of singleton bean 'loginController'
2017-08-04 16:27:19,672 DEBUG [http-bio-8787-exec-4] DispatcherServlet - Last-Modified value for [/PharmacyApplication/test] is: -1
2017-08-04 16:27:19,672 DEBUG [http-bio-8787-exec-4] DispatcherServlet - Rendering view [org.springframework.web.servlet.view.JstlView: name 'test'; URL [/WEB-INF/jsp/test.jsp]] in DispatcherServlet with name 'spring'
2017-08-04 16:27:19,672 DEBUG [http-bio-8787-exec-4] InternalResourceView - Forwarding to resource [/WEB-INF/jsp/test.jsp] in InternalResourceView 'test'
2017-08-04 16:27:19,674 DEBUG [http-bio-8787-exec-4] FrameworkServlet - Successfully completed request
